<?xml version="1.0" encoding="UTF-8"?>
<!-- Generated by org.testng.reporters.JUnitXMLReporter -->
<testsuite hostname="DESKTOP-238J8OC" ignored="6" name="Default test" tests="1" failures="0" timestamp="06 Jul 2023 06:46:28 GMT" time="3.448" errors="0">
  <testcase name="validatPageHeader" time="0.338" classname="com.tuitionApp.testCases.HomePageTestCases"/>
  <testcase name="validateUpdateEmployee" time="0.0" classname="com.tuitionApp.testCases.HomePageTestCases">
    <ignored/>
  </testcase> <!-- validateUpdateEmployee -->
  <testcase name="testUserExistsInDatabase" time="0.0" classname="com.tuitionApp.testCases.HomePageTestCases">
    <ignored/>
  </testcase> <!-- testUserExistsInDatabase -->
  <testcase name="verifyPageHeader" time="0.0" classname="com.tuitionApp.testCases.HomePageTestCases">
    <ignored/>
  </testcase> <!-- verifyPageHeader -->
  <testcase name="verifyTableHeaders" time="0.0" classname="com.tuitionApp.testCases.HomePageTestCases">
    <ignored/>
  </testcase> <!-- verifyTableHeaders -->
  <testcase name="test" time="0.0" classname="com.tuitionApp.testCases.BaseClass">
    <ignored/>
  </testcase> <!-- test -->
  <testcase name="validateAddEmp" time="0.0" classname="com.tuitionApp.testCases.HomePageTestCases">
    <ignored/>
  </testcase> <!-- validateAddEmp -->
</testsuite> <!-- Default test -->
